2020-08-31 10:15:48,719 CRIT Supervisor is running as root.  Privileges were not dropped because no user is specified in the config file.  If you intend to run as root, you can set user=root in the config file to avoid this message.
2020-08-31 10:15:48,719 INFO Included extra file "/opt/docker/etc/supervisor.d/cron.conf" during parsing
2020-08-31 10:15:48,719 INFO Included extra file "/opt/docker/etc/supervisor.d/dnsmasq.conf" during parsing
2020-08-31 10:15:48,719 INFO Included extra file "/opt/docker/etc/supervisor.d/php-fpm.conf" during parsing
2020-08-31 10:15:48,719 INFO Included extra file "/opt/docker/etc/supervisor.d/postfix.conf" during parsing
2020-08-31 10:15:48,720 INFO Included extra file "/opt/docker/etc/supervisor.d/ssh.conf" during parsing
2020-08-31 10:15:48,720 INFO Included extra file "/opt/docker/etc/supervisor.d/syslog.conf" during parsing
2020-08-31 10:15:48,762 INFO RPC interface 'supervisor' initialized
2020-08-31 10:15:48,763 INFO supervisord started with pid 1
2020-08-31 10:15:49,767 INFO spawned: 'syslogd' with pid 345
2020-08-31 10:15:49,771 INFO spawned: 'php-fpmd' with pid 346
2020-08-31 10:15:49,774 INFO spawned: 'crond' with pid 347
2020-08-31 10:15:49,815 INFO success: php-fpmd entered RUNNING state, process has stayed up for > than 0 seconds (startsecs)
2020-08-31 10:15:49,815 INFO success: crond entered RUNNING state, process has stayed up for > than 0 seconds (startsecs)
2020-08-31 10:16:39,533 CRIT Supervisor is running as root.  Privileges were not dropped because no user is specified in the config file.  If you intend to run as root, you can set user=root in the config file to avoid this message.
2020-08-31 10:16:39,533 INFO Included extra file "/opt/docker/etc/supervisor.d/cron.conf" during parsing
2020-08-31 10:16:39,533 INFO Included extra file "/opt/docker/etc/supervisor.d/dnsmasq.conf" during parsing
2020-08-31 10:16:39,533 INFO Included extra file "/opt/docker/etc/supervisor.d/php-fpm.conf" during parsing
2020-08-31 10:16:39,533 INFO Included extra file "/opt/docker/etc/supervisor.d/postfix.conf" during parsing
2020-08-31 10:16:39,533 INFO Included extra file "/opt/docker/etc/supervisor.d/ssh.conf" during parsing
2020-08-31 10:16:39,533 INFO Included extra file "/opt/docker/etc/supervisor.d/syslog.conf" during parsing
2020-08-31 10:16:39,858 INFO RPC interface 'supervisor' initialized
2020-08-31 10:16:39,859 INFO supervisord started with pid 1
2020-08-31 10:16:40,863 INFO spawned: 'syslogd' with pid 296
2020-08-31 10:16:40,866 INFO spawned: 'php-fpmd' with pid 297
2020-08-31 10:16:40,867 INFO spawned: 'crond' with pid 298
2020-08-31 10:16:40,870 INFO success: php-fpmd entered RUNNING state, process has stayed up for > than 0 seconds (startsecs)
2020-08-31 10:16:40,870 INFO success: crond entered RUNNING state, process has stayed up for > than 0 seconds (startsecs)
2020-08-31 10:16:41,873 INFO success: syslogd entered RUNNING state, process has stayed up for > than 1 seconds (startsecs)
